<?xml version="1.0" encoding="UTF-8"?>
<testng-results ignored="0" total="1" passed="1" failed="0" skipped="0">
  <reporter-output>
  </reporter-output>
  <suite started-at="2021-12-12T23:35:30 IST" name="Default suite" finished-at="2021-12-12T23:35:30 IST" duration-ms="97">
    <groups>
    </groups>
    <test started-at="2021-12-12T23:35:30 IST" name="Default test" finished-at="2021-12-12T23:35:30 IST" duration-ms="97">
      <class name="TestCases.TestCasesPilot">
        <test-method is-config="true" signature="startUp()[pri:0, instance:TestCases.TestCasesPilot@e7edb54]" started-at="2021-12-12T23:35:30 IST" name="startUp" finished-at="2021-12-12T23:35:30 IST" duration-ms="10" status="PASS">
          <reporter-output>
          </reporter-output>
        </test-method> <!-- startUp -->
        <test-method signature="bookingAflightAndGettingConfirmationId()[pri:0, instance:TestCases.TestCasesPilot@e7edb54]" started-at="2021-12-12T23:35:30 IST" name="bookingAflightAndGettingConfirmationId" finished-at="2021-12-12T23:35:30 IST" duration-ms="9" status="PASS">
          <reporter-output>
          </reporter-output>
        </test-method> <!-- bookingAflightAndGettingConfirmationId -->
      </class> <!-- TestCases.TestCasesPilot -->
    </test> <!-- Default test -->
  </suite> <!-- Default suite -->
</testng-results>
