<?xml version="1.0" encoding="UTF-8"?>
<testng-results ignored="0" total="1" passed="1" failed="0" skipped="0">
  <reporter-output>
  </reporter-output>
  <suite started-at="2021-12-13T22:36:57 IST" name="Default suite" finished-at="2021-12-13T22:37:03 IST" duration-ms="5411">
    <groups>
    </groups>
    <test started-at="2021-12-13T22:36:57 IST" name="Default test" finished-at="2021-12-13T22:37:03 IST" duration-ms="5411">
      <class name="apiTestCases.WeatherAPI">
        <test-method signature="getWeatherByUSACityname()[pri:0, instance:apiTestCases.WeatherAPI@4cc8eb05]" started-at="2021-12-13T22:36:57 IST" name="getWeatherByUSACityname" finished-at="2021-12-13T22:37:03 IST" duration-ms="5338" status="PASS">
          <reporter-output>
          </reporter-output>
        </test-method> <!-- getWeatherByUSACityname -->
      </class> <!-- apiTestCases.WeatherAPI -->
    </test> <!-- Default test -->
  </suite> <!-- Default suite -->
</testng-results>
